<?xml version="1.0" encoding="UTF-8"?>
<!-- Generated by org.testng.reporters.JUnitReportReporter -->
<testsuite hostname="DESKTOP-I7U672O" failures="0" tests="1" name="PracticePackage.Demo1" time="0.008" errors="0" timestamp="2023-04-01T09:13:58 IST" skipped="0">
  <testcase classname="PracticePackage.Demo1" name="Test_1" time="0.008"/>
  <system-out>
    <![CDATA[Run Test_1]]>
  </system-out>
</testsuite> <!-- PracticePackage.Demo1 -->
