<?xml version="1.0" encoding="UTF-8"?>
<!-- Generated by org.testng.reporters.JUnitReportReporter -->
<testsuite hostname="DESKTOP-I7U672O" failures="0" tests="1" name="PracticePackage.Demo3" time="0.031" errors="0" timestamp="2023-04-01T09:13:58 IST" skipped="0">
  <testcase classname="PracticePackage.Demo3" name="Test_3" time="0.031"/>
  <system-out>
    <![CDATA[Run Test_3]]>
  </system-out>
</testsuite> <!-- PracticePackage.Demo3 -->
