<?xml version="1.0" encoding="UTF-8"?>
<!-- Generated by org.testng.reporters.JUnitReportReporter -->
<testsuite hostname="DESKTOP-I7U672O" failures="0" tests="1" name="PracticePackage.Demo4" time="0.011" errors="0" timestamp="2023-04-01T09:13:58 IST" skipped="0">
  <testcase classname="PracticePackage.Demo4" name="Test_4" time="0.011"/>
  <system-out>
    <![CDATA[Run Test_4]]>
  </system-out>
</testsuite> <!-- PracticePackage.Demo4 -->
